#######################################################################################################
# MBT 11/27/14
#
# UCSD reset and enable first 16 ports on the ASIC
#
# used for bsg_nonsynth_node_trace_replay
#
# format: <op> <murn packet>
#   op = 0: wait one cycle
#   op = 1: send
#   op = 2: receive & check
#   op = 3: done; disable but do not stop
#
# murn packet format: dst4 cmd1 opcode7 src4 data64
#   cmd1 = 1 for switch 0 for node ; cmd1=1: opcode7 --> (6=reset disable; 2=node enable)
#   cmd1 = 0 for node;
#      for Raw tile; opcode [6:3]   = credit vector  T G M S
#                    opcode [2:0]   = dest; 7=single packet, 3=T, 2=G, 1=M, 0=S
#                      data [63:32] = second word
#                      data[63:61] --> dest 3=T, 2=G, 1=M, 0=S for single packet only
#                      data [31:0]  = first word

# send reset disable
0001__0000__1__0000110__0000__00000000_00000000_00000000_00000000__00000000_00000000_00000000_00000000
# send reset disable
0001__0001__1__0000110__0000__00000000_00000000_00000000_00000000__00000000_00000000_00000000_00000000
# send reset disable
0001__0010__1__0000110__0000__00000000_00000000_00000000_00000000__00000000_00000000_00000000_00000000
# send reset disable
0001__0011__1__0000110__0000__00000000_00000000_00000000_00000000__00000000_00000000_00000000_00000000
# send reset disable
0001__0100__1__0000110__0000__00000000_00000000_00000000_00000000__00000000_00000000_00000000_00000000
# send reset disable
0001__0101__1__0000110__0000__00000000_00000000_00000000_00000000__00000000_00000000_00000000_00000000
# send reset disable
0001__0110__1__0000110__0000__00000000_00000000_00000000_00000000__00000000_00000000_00000000_00000000
# send reset disable
0001__0111__1__0000110__0000__00000000_00000000_00000000_00000000__00000000_00000000_00000000_00000000
# send reset disable
0001__1000__1__0000110__0000__00000000_00000000_00000000_00000000__00000000_00000000_00000000_00000000
# send reset disable
0001__1001__1__0000110__0000__00000000_00000000_00000000_00000000__00000000_00000000_00000000_00000000
# send reset disable
0001__1010__1__0000110__0000__00000000_00000000_00000000_00000000__00000000_00000000_00000000_00000000
# send reset disable
0001__1011__1__0000110__0000__00000000_00000000_00000000_00000000__00000000_00000000_00000000_00000000
# send reset disable
0001__1100__1__0000110__0000__00000000_00000000_00000000_00000000__00000000_00000000_00000000_00000000
# send reset disable
0001__1101__1__0000110__0000__00000000_00000000_00000000_00000000__00000000_00000000_00000000_00000000
# send reset disable
0001__1110__1__0000110__0000__00000000_00000000_00000000_00000000__00000000_00000000_00000000_00000000
# send reset disable
0001__1111__1__0000110__0000__00000000_00000000_00000000_00000000__00000000_00000000_00000000_00000000

# send enable
0001__0000__1__0000010__0000__00000000_00000000_00000000_00000000__00000000_00000000_00000000_00000000
# send enable
0001__0001__1__0000010__0000__00000000_00000000_00000000_00000000__00000000_00000000_00000000_00000000
# send enable
0001__0010__1__0000010__0000__00000000_00000000_00000000_00000000__00000000_00000000_00000000_00000000
# send enable
0001__0011__1__0000010__0000__00000000_00000000_00000000_00000000__00000000_00000000_00000000_00000000
# send enable
0001__0100__1__0000010__0000__00000000_00000000_00000000_00000000__00000000_00000000_00000000_00000000
# send enable
0001__0101__1__0000010__0000__00000000_00000000_00000000_00000000__00000000_00000000_00000000_00000000
# send enable
0001__0110__1__0000010__0000__00000000_00000000_00000000_00000000__00000000_00000000_00000000_00000000
# send enable
0001__0111__1__0000010__0000__00000000_00000000_00000000_00000000__00000000_00000000_00000000_00000000
# send enable
0001__1000__1__0000010__0000__00000000_00000000_00000000_00000000__00000000_00000000_00000000_00000000
# send enable
0001__1001__1__0000010__0000__00000000_00000000_00000000_00000000__00000000_00000000_00000000_00000000
# send enable
0001__1010__1__0000010__0000__00000000_00000000_00000000_00000000__00000000_00000000_00000000_00000000
# send enable
0001__1011__1__0000010__0000__00000000_00000000_00000000_00000000__00000000_00000000_00000000_00000000
# send enable
0001__1100__1__0000010__0000__00000000_00000000_00000000_00000000__00000000_00000000_00000000_00000000
# send enable
0001__1101__1__0000010__0000__00000000_00000000_00000000_00000000__00000000_00000000_00000000_00000000
# send enable
0001__1110__1__0000010__0000__00000000_00000000_00000000_00000000__00000000_00000000_00000000_00000000
# send enable
0001__1111__1__0000010__0000__00000000_00000000_00000000_00000000__00000000_00000000_00000000_00000000
# nop
0000__0000__0__0000000__0000__00000000_00000000_00000000_00000000__00000000_00000000_00000000_00000000
# nop
0000__0000__0__0000000__0000__00000000_00000000_00000000_00000000__00000000_00000000_00000000_00000000
# nop
0000__0000__0__0000000__0000__00000000_00000000_00000000_00000000__00000000_00000000_00000000_00000000
# nop
0000__0000__0__0000000__0000__00000000_00000000_00000000_00000000__00000000_00000000_00000000_00000000
# nop
0000__0000__0__0000000__0000__00000000_00000000_00000000_00000000__00000000_00000000_00000000_00000000
# nop
0000__0000__0__0000000__0000__00000000_00000000_00000000_00000000__00000000_00000000_00000000_00000000
# nop
0000__0000__0__0000000__0000__00000000_00000000_00000000_00000000__00000000_00000000_00000000_00000000
# nop
0000__0000__0__0000000__0000__00000000_00000000_00000000_00000000__00000000_00000000_00000000_00000000
# nop
0000__0000__0__0000000__0000__00000000_00000000_00000000_00000000__00000000_00000000_00000000_00000000
# nop
0000__0000__0__0000000__0000__00000000_00000000_00000000_00000000__00000000_00000000_00000000_00000000
# nop
0000__0000__0__0000000__0000__00000000_00000000_00000000_00000000__00000000_00000000_00000000_00000000
# DONE
0011__0000__0__0000000__0000__00000000_00000000_00000000_00000000__00000000_00000000_00000000_00000000
